Arguments: 
  C:\Program Files\nodejs\node.exe C:\Users\infin\AppData\Roaming\npm\node_modules\yarn\bin\yarn.js add node-telegram-bot-api

PATH: 
  C:\Program Files (x86)\Common Files\Intel\Shared Libraries\redist\intel64\compiler;C:\Windows\system32;C:\Windows;C:\Windows\System32\Wbem;C:\Windows\System32\WindowsPowerShell\v1.0\;C:\Windows\System32\OpenSSH\;C:\Program Files (x86)\QuickTime\QTSystem\;C:\Program Files\nodejs\;C:\Users\infin\AppData\Local\Microsoft\WindowsApps;C:\Users\infin\AppData\Roaming\npm

Yarn version: 
  1.22.19

Node version: 
  17.1.0

Platform: 
  win32 x64

Trace: 
  Error: connect EHOSTUNREACH 2606:4700::6810:1023:443
      at TCPConnectWrap.afterConnect [as oncomplete] (node:net:1161:16)

npm manifest: 
  {
    "name": "js_snippets",
    "version": "1.0.0",
    "description": "",
    "main": "document.querySelector('.ui-button.s-m-r.js",
    "scripts": {
      "test": "echo \"Error: no test specified\" && exit 1"
    },
    "keywords": [],
    "author": "",
    "license": "ISC"
  }

yarn manifest: 
  No manifest

Lockfile: 
  No lockfile
